<?xml version="1.0" encoding="UTF-8"?>
<!-- Generated by org.testng.reporters.JUnitReportReporter -->
<testsuite hostname="ATMECSINLT-013" failures="0" tests="1" name="com.atmecs.AssesmentAutomationProject.testscripts.HeatClinic" time="20.788" errors="0" timestamp="12 Nov 2019 14:10:39 GMT" skipped="0">
  <testcase classname="com.atmecs.AssesmentAutomationProject.testscripts.HeatClinic" name="methordname" time="20.788"/>
</testsuite> <!-- com.atmecs.AssesmentAutomationProject.testscripts.HeatClinic -->
