<?xml version="1.0" encoding="UTF-8"?>
<!-- Generated by org.testng.reporters.JUnitReportReporter -->
<testsuite hostname="ATMECSINLT-013" failures="0" tests="1" name="com.atmecs.assesment.qaautomation.testscripts.Insurance" time="1.526" errors="0" timestamp="25 Nov 2019 15:20:57 GMT" skipped="0">
  <testcase classname="com.atmecs.assesment.qaautomation.testscripts.Insurance" name="gettingDates" time="1.526"/>
</testsuite> <!-- com.atmecs.assesment.qaautomation.testscripts.Insurance -->
