<?xml version="1.0" encoding="UTF-8"?>
<!-- Generated by org.testng.reporters.JUnitReportReporter -->
<testsuite hostname="ATMECSINLT-013" failures="0" tests="2" name="com.atmecs.assesment.qaautomation.testscripts.TutorialsninjaProductAvailability" time="15.383" errors="0" timestamp="20 Nov 2019 06:03:13 GMT" skipped="0">
  <testcase classname="com.atmecs.assesment.qaautomation.testscripts.TutorialsninjaProductAvailability" name="addItemsTocart" time="8.651"/>
  <testcase classname="com.atmecs.assesment.qaautomation.testscripts.TutorialsninjaProductAvailability" name="addItemsTocart" time="6.732"/>
</testsuite> <!-- com.atmecs.assesment.qaautomation.testscripts.TutorialsninjaProductAvailability -->
