<?xml version="1.0" encoding="UTF-8"?>
<!-- Generated by org.testng.reporters.JUnitReportReporter -->
<testsuite hostname="ATMECSINLT-013" failures="0" tests="2" name="com.atmecs.AssesmentAutomationProject.testscripts.TutorialsninjaProductAvailability" time="25.596" errors="0" timestamp="12 Nov 2019 13:48:46 GMT" skipped="0">
  <testcase classname="com.atmecs.AssesmentAutomationProject.testscripts.TutorialsninjaProductAvailability" name="productavailability" time="11.909"/>
  <testcase classname="com.atmecs.AssesmentAutomationProject.testscripts.TutorialsninjaProductAvailability" name="productavailability" time="13.687"/>
</testsuite> <!-- com.atmecs.AssesmentAutomationProject.testscripts.TutorialsninjaProductAvailability -->
